2025-04-28 20:13:24,658 - INFO - Using device: cuda
2025-04-28 20:13:24,658 - INFO - Loading dataset from Galaxy10_DECals.h5
2025-04-28 20:13:24,658 - ERROR - Failed to load dataset: [Errno 2] Unable to synchronously open file (unable to open file: name = 'Galaxy10_DECals.h5', errno = 2, error message = 'No such file or directory', flags = 0, o_flags = 0)
2025-04-28 20:15:35,392 - INFO - Using device: cuda
2025-04-28 20:15:35,393 - INFO - Loading dataset from Galaxy10_DECals.h5
2025-04-28 20:16:17,193 - INFO - Loaded dataset with 17736 samples
2025-04-28 20:16:17,193 - INFO - Converting labels to one-hot encoding
2025-04-28 20:16:23,214 - INFO - Splitting dataset into train/test sets
2025-04-28 20:16:33,509 - INFO - Train set: 15962 samples, Test set: 1774 samples
2025-04-28 20:16:33,510 - INFO - Setting up data transformations
2025-04-28 20:16:33,510 - INFO - Train dataset size: 15962, Test dataset size: 1774
2025-04-28 20:16:33,510 - INFO - Initializing WaveMix model
2025-04-28 20:16:33,712 - INFO - Model initialized successfully
2025-04-28 20:16:33,713 - INFO - Loading pretrained weights
2025-04-28 20:16:36,037 - INFO - Pretrained weights loaded successfully
2025-04-28 20:16:36,090 - INFO - Model moved to device
2025-04-28 20:16:36,090 - INFO - Model summary:
2025-04-28 20:16:36,636 - INFO - ===============================================================================================
Layer (type:depth-idx)                        Output Shape              Param #
===============================================================================================
WaveMix                                       [1, 10]                   --
├─Sequential: 1-1                             [1, 192, 64, 64]          --
│    └─Conv2d: 2-1                            [1, 48, 256, 256]         1,344
│    └─Conv2d: 2-2                            [1, 96, 256, 256]         41,568
│    └─Conv2d: 2-3                            [1, 192, 64, 64]          295,104
│    └─GELU: 2-4                              [1, 192, 64, 64]          --
│    └─BatchNorm2d: 2-5                       [1, 192, 64, 64]          384
├─ModuleList: 1-2                             --                        --
│    └─Level3Waveblock: 2-6                   [1, 192, 64, 64]          --
│    │    └─Conv2d: 3-1                       [1, 48, 64, 64]           9,264
│    │    └─Sequential: 3-2                   [1, 96, 16, 16]           443,232
│    │    └─Sequential: 3-3                   [1, 96, 32, 32]           480,096
│    │    └─Sequential: 3-4                   [1, 192, 64, 64]          775,296
│    └─Level3Waveblock: 2-7                   [1, 192, 64, 64]          --
│    │    └─Conv2d: 3-5                       [1, 48, 64, 64]           9,264
│    │    └─Sequential: 3-6                   [1, 96, 16, 16]           443,232
│    │    └─Sequential: 3-7                   [1, 96, 32, 32]           480,096
│    │    └─Sequential: 3-8                   [1, 192, 64, 64]          775,296
│    └─Level3Waveblock: 2-8                   [1, 192, 64, 64]          --
│    │    └─Conv2d: 3-9                       [1, 48, 64, 64]           9,264
│    │    └─Sequential: 3-10                  [1, 96, 16, 16]           443,232
│    │    └─Sequential: 3-11                  [1, 96, 32, 32]           480,096
│    │    └─Sequential: 3-12                  [1, 192, 64, 64]          775,296
│    └─Level3Waveblock: 2-9                   [1, 192, 64, 64]          --
│    │    └─Conv2d: 3-13                      [1, 48, 64, 64]           9,264
│    │    └─Sequential: 3-14                  [1, 96, 16, 16]           443,232
│    │    └─Sequential: 3-15                  [1, 96, 32, 32]           480,096
│    │    └─Sequential: 3-16                  [1, 192, 64, 64]          775,296
│    └─Level3Waveblock: 2-10                  [1, 192, 64, 64]          --
│    │    └─Conv2d: 3-17                      [1, 48, 64, 64]           9,264
│    │    └─Sequential: 3-18                  [1, 96, 16, 16]           443,232
│    │    └─Sequential: 3-19                  [1, 96, 32, 32]           480,096
│    │    └─Sequential: 3-20                  [1, 192, 64, 64]          775,296
│    └─Level3Waveblock: 2-11                  [1, 192, 64, 64]          --
│    │    └─Conv2d: 3-21                      [1, 48, 64, 64]           9,264
│    │    └─Sequential: 3-22                  [1, 96, 16, 16]           443,232
│    │    └─Sequential: 3-23                  [1, 96, 32, 32]           480,096
│    │    └─Sequential: 3-24                  [1, 192, 64, 64]          775,296
│    └─Level3Waveblock: 2-12                  [1, 192, 64, 64]          --
│    │    └─Conv2d: 3-25                      [1, 48, 64, 64]           9,264
│    │    └─Sequential: 3-26                  [1, 96, 16, 16]           443,232
│    │    └─Sequential: 3-27                  [1, 96, 32, 32]           480,096
│    │    └─Sequential: 3-28                  [1, 192, 64, 64]          775,296
│    └─Level3Waveblock: 2-13                  [1, 192, 64, 64]          --
│    │    └─Conv2d: 3-29                      [1, 48, 64, 64]           9,264
│    │    └─Sequential: 3-30                  [1, 96, 16, 16]           443,232
│    │    └─Sequential: 3-31                  [1, 96, 32, 32]           480,096
│    │    └─Sequential: 3-32                  [1, 192, 64, 64]          775,296
│    └─Level3Waveblock: 2-14                  [1, 192, 64, 64]          --
│    │    └─Conv2d: 3-33                      [1, 48, 64, 64]           9,264
│    │    └─Sequential: 3-34                  [1, 96, 16, 16]           443,232
│    │    └─Sequential: 3-35                  [1, 96, 32, 32]           480,096
│    │    └─Sequential: 3-36                  [1, 192, 64, 64]          775,296
│    └─Level3Waveblock: 2-15                  [1, 192, 64, 64]          --
│    │    └─Conv2d: 3-37                      [1, 48, 64, 64]           9,264
│    │    └─Sequential: 3-38                  [1, 96, 16, 16]           443,232
│    │    └─Sequential: 3-39                  [1, 96, 32, 32]           480,096
│    │    └─Sequential: 3-40                  [1, 192, 64, 64]          775,296
│    └─Level3Waveblock: 2-16                  [1, 192, 64, 64]          --
│    │    └─Conv2d: 3-41                      [1, 48, 64, 64]           9,264
│    │    └─Sequential: 3-42                  [1, 96, 16, 16]           443,232
│    │    └─Sequential: 3-43                  [1, 96, 32, 32]           480,096
│    │    └─Sequential: 3-44                  [1, 192, 64, 64]          775,296
│    └─Level3Waveblock: 2-17                  [1, 192, 64, 64]          --
│    │    └─Conv2d: 3-45                      [1, 48, 64, 64]           9,264
│    │    └─Sequential: 3-46                  [1, 96, 16, 16]           443,232
│    │    └─Sequential: 3-47                  [1, 96, 32, 32]           480,096
│    │    └─Sequential: 3-48                  [1, 192, 64, 64]          775,296
│    └─Level3Waveblock: 2-18                  [1, 192, 64, 64]          --
│    │    └─Conv2d: 3-49                      [1, 48, 64, 64]           9,264
│    │    └─Sequential: 3-50                  [1, 96, 16, 16]           443,232
│    │    └─Sequential: 3-51                  [1, 96, 32, 32]           480,096
│    │    └─Sequential: 3-52                  [1, 192, 64, 64]          775,296
│    └─Level3Waveblock: 2-19                  [1, 192, 64, 64]          --
│    │    └─Conv2d: 3-53                      [1, 48, 64, 64]           9,264
│    │    └─Sequential: 3-54                  [1, 96, 16, 16]           443,232
│    │    └─Sequential: 3-55                  [1, 96, 32, 32]           480,096
│    │    └─Sequential: 3-56                  [1, 192, 64, 64]          775,296
│    └─Level3Waveblock: 2-20                  [1, 192, 64, 64]          --
│    │    └─Conv2d: 3-57                      [1, 48, 64, 64]           9,264
│    │    └─Sequential: 3-58                  [1, 96, 16, 16]           443,232
│    │    └─Sequential: 3-59                  [1, 96, 32, 32]           480,096
│    │    └─Sequential: 3-60                  [1, 192, 64, 64]          775,296
│    └─Level3Waveblock: 2-21                  [1, 192, 64, 64]          --
│    │    └─Conv2d: 3-61                      [1, 48, 64, 64]           9,264
│    │    └─Sequential: 3-62                  [1, 96, 16, 16]           443,232
│    │    └─Sequential: 3-63                  [1, 96, 32, 32]           480,096
│    │    └─Sequential: 3-64                  [1, 192, 64, 64]          775,296
├─Sequential: 1-3                             [1, 10]                   --
│    └─AdaptiveAvgPool2d: 2-22                [1, 192, 1, 1]            --
│    └─Rearrange: 2-23                        [1, 192]                  --
│    └─Linear: 2-24                           [1, 10]                   1,930
===============================================================================================
Total params: 27,666,538
Trainable params: 27,666,538
Non-trainable params: 0
Total mult-adds (G): 53.28
===============================================================================================
Input size (MB): 0.79
Forward/backward pass size (MB): 445.12
Params size (MB): 110.67
Estimated Total Size (MB): 556.57
===============================================================================================
2025-04-28 20:16:36,637 - INFO - Creating data loaders with batch size 32
2025-04-28 20:16:36,637 - INFO - Data loaders created successfully
2025-04-28 20:16:36,640 - INFO - Training components initialized
2025-04-28 20:16:36,640 - INFO - Starting training with AdamW optimizer
2025-04-28 20:16:36,641 - INFO - Starting epoch 1
2025-04-28 20:19:16,016 - INFO - Epoch 1 results - Top 1: 89.10% - Train Time: 153.19s - Test Time: 6.18s
2025-04-28 20:19:16,174 - INFO - New best model saved at epoch 1 with accuracy 89.10%
2025-04-28 20:19:16,174 - INFO - Starting epoch 2
2025-04-28 20:21:52,911 - INFO - Epoch 2 results - Top 1: 88.56% - Train Time: 150.95s - Test Time: 5.79s
2025-04-28 20:21:52,919 - INFO - Starting epoch 3
2025-04-28 20:24:29,220 - INFO - Epoch 3 results - Top 1: 90.90% - Train Time: 150.49s - Test Time: 5.81s
2025-04-28 20:24:29,441 - INFO - New best model saved at epoch 3 with accuracy 90.90%
2025-04-28 20:24:29,442 - INFO - Starting epoch 4
2025-04-28 20:27:05,351 - INFO - Epoch 4 results - Top 1: 91.07% - Train Time: 150.12s - Test Time: 5.79s
2025-04-28 20:27:05,567 - INFO - New best model saved at epoch 4 with accuracy 91.07%
